\BOOKMARK [1][-]{section.1}{\376\377\000I\000n\000t\000r\000o\000d\000u\000c\000t\000i\000o\000n}{}% 1
\BOOKMARK [1][-]{section.2}{\376\377\000R\000e\000l\000a\000t\000e\000d\000\040\000W\000o\000r\000k}{}% 2
\BOOKMARK [1][-]{section.3}{\376\377\000D\000a\000t\000a\000\040\000S\000o\000u\000r\000c\000e\000s}{}% 3
\BOOKMARK [2][-]{subsection.3.1}{\376\377\000G\000i\000t\000H\000u\000b\000\040\000A\000r\000c\000h\000i\000v\000e}{section.3}% 4
\BOOKMARK [2][-]{subsection.3.2}{\376\377\000H\000u\000g\000g\000i\000n\000g\000\040\000F\000a\000c\000e\000\040\000H\000u\000b}{section.3}% 5
\BOOKMARK [2][-]{subsection.3.3}{\376\377\000P\000y\000P\000I\000\040\000D\000o\000w\000n\000l\000o\000a\000d\000\040\000S\000t\000a\000t\000i\000s\000t\000i\000c\000s}{section.3}% 6
\BOOKMARK [2][-]{subsection.3.4}{\376\377\000S\000e\000e\000d\000\040\000R\000e\000p\000o\000s\000i\000t\000o\000r\000y\000\040\000L\000i\000s\000t}{section.3}% 7
\BOOKMARK [1][-]{section.4}{\376\377\000P\000i\000p\000e\000l\000i\000n\000e\000\040\000A\000r\000c\000h\000i\000t\000e\000c\000t\000u\000r\000e}{}% 8
\BOOKMARK [2][-]{subsection.4.1}{\376\377\000S\000y\000s\000t\000e\000m\000\040\000O\000v\000e\000r\000v\000i\000e\000w}{section.4}% 9
\BOOKMARK [2][-]{subsection.4.2}{\376\377\000S\000c\000h\000e\000m\000a\000\040\000D\000e\000s\000i\000g\000n}{section.4}% 10
\BOOKMARK [2][-]{subsection.4.3}{\376\377\000A\000n\000a\000l\000y\000t\000i\000c\000s\000\040\000J\000o\000b\000s}{section.4}% 11
\BOOKMARK [1][-]{section.5}{\376\377\000D\000a\000t\000a\000\040\000Q\000u\000a\000l\000i\000t\000y}{}% 12
\BOOKMARK [1][-]{section.6}{\376\377\000E\000n\000g\000i\000n\000e\000e\000r\000i\000n\000g\000\040\000C\000h\000a\000l\000l\000e\000n\000g\000e\000s}{}% 13
\BOOKMARK [2][-]{subsection.6.1}{\376\377\000H\000D\000F\000S\000\040\000Q\000u\000o\000t\000a\000\040\000M\000a\000n\000a\000g\000e\000m\000e\000n\000t}{section.6}% 14
\BOOKMARK [2][-]{subsection.6.2}{\376\377\0002\0000\0002\0006\000\040\000S\000c\000h\000e\000m\000a\000\040\000B\000r\000e\000a\000k\000i\000n\000g\000\040\000C\000h\000a\000n\000g\000e}{section.6}% 15
\BOOKMARK [2][-]{subsection.6.3}{\376\377\000B\000i\000l\000l\000i\000o\000n\000-\000R\000e\000c\000o\000r\000d\000\040\000S\000h\000u\000f\000f\000l\000e\000\040\000O\000p\000t\000i\000m\000i\000z\000a\000t\000i\000o\000n}{section.6}% 16
\BOOKMARK [1][-]{section.7}{\376\377\000F\000i\000n\000d\000i\000n\000g\000s}{}% 17
\BOOKMARK [2][-]{subsection.7.1}{\376\377\000F\000i\000n\000d\000i\000n\000g\000\040\0001\000:\000\040\000F\000i\000v\000e\000-\000Y\000e\000a\000r\000\040\000E\000c\000o\000s\000y\000s\000t\000e\000m\000\040\000S\000h\000i\000f\000t}{section.7}% 18
\BOOKMARK [2][-]{subsection.7.2}{\376\377\000F\000i\000n\000d\000i\000n\000g\000\040\0002\000:\000\040\000T\000h\000e\000\040\000W\000e\000e\000k\000e\000n\000d\000\040\000G\000a\000p\000\040\000D\000i\000s\000a\000p\000p\000e\000a\000r\000e\000d}{section.7}% 19
\BOOKMARK [2][-]{subsection.7.3}{\376\377\000F\000i\000n\000d\000i\000n\000g\000\040\0003\000:\000\040\000T\000w\000o\000\040\000P\000h\000a\000s\000e\000s\000\040\000o\000f\000\040\000A\000g\000e\000n\000t\000\040\000A\000d\000o\000p\000t\000i\000o\000n}{section.7}% 20
\BOOKMARK [2][-]{subsection.7.4}{\376\377\000F\000i\000n\000d\000i\000n\000g\000\040\0004\000:\000\040\000S\000t\000a\000r\000s\000\040\000=\000\040\000H\000e\000a\000l\000t\000h}{section.7}% 21
\BOOKMARK [2][-]{subsection.7.5}{\376\377\000F\000i\000n\000d\000i\000n\000g\000\040\0005\000:\000\040\000C\000o\000n\000t\000r\000i\000b\000u\000t\000o\000r\000\040\000C\000o\000n\000c\000e\000n\000t\000r\000a\000t\000i\000o\000n}{section.7}% 22
\BOOKMARK [1][-]{section.8}{\376\377\000D\000i\000s\000c\000u\000s\000s\000i\000o\000n}{}% 23
\BOOKMARK [1][-]{section.9}{\376\377\000L\000e\000s\000s\000o\000n\000s\000\040\000L\000e\000a\000r\000n\000e\000d}{}% 24
\BOOKMARK [1][-]{section.10}{\376\377\000C\000o\000n\000c\000l\000u\000s\000i\000o\000n}{}% 25
